2018-06-11 13:05:18  小说信息:武道乾坤(任怨),写入数据库成功

2018-06-11 13:05:19  小说信息:武道乾坤,写入数据库成功

2018-06-11 13:38:47  小说信息:争武斗气,写入数据库成功

2018-06-11 13:38:47  小说信息:荣耀斗气,写入数据库成功

2018-06-11 13:38:47  小说信息:斗气之王,写入数据库成功

2018-06-11 13:38:47  小说信息:斗气地球,写入数据库成功

2018-06-11 13:38:47  小说信息:斗气江湖,写入数据库成功

2018-06-11 13:38:47  小说信息:我的斗气装甲有点萌,写入数据库成功

2018-06-11 13:38:47  小说信息:斗气狂妃，这个爱妃有点狂,写入数据库成功

2018-06-11 13:38:48  小说信息:斗气皇妃重生之写意风流,写入数据库成功

2018-06-11 13:38:48  小说信息:斗气东来,写入数据库成功

2018-06-11 13:38:48  小说信息:斗气冤家来聚头,写入数据库成功

2018-06-11 13:38:48  小说信息:斗气魔妃有点拽,写入数据库成功

2018-06-11 13:38:48  小说信息:网游之斗气大陆,写入数据库成功

2018-06-11 13:38:48  小说信息:斗气通玄,写入数据库成功

2018-06-11 13:38:48  小说信息:斗气皇妃：重生之写意风流,写入数据库成功

2018-06-11 13:38:55  小说信息:魔法斗气和美少女,写入数据库成功

2018-06-11 14:37:07  小说信息:战神狂飙,写入数据库成功

2018-06-11 18:41:58  小说信息:神控之天,写入数据库成功

2018-06-11 18:41:58  小说信息:神控法界,写入数据库成功

2018-06-11 18:41:58  小说信息:神控天下,写入数据库成功

2018-06-11 18:41:58  小说信息:精神控制者,写入数据库成功

2018-06-11 18:41:58  小说信息:神控轮回,写入数据库成功

2018-06-11 18:41:59  小说信息:神控至尊,写入数据库成功

